<?xml version="1.0" encoding="UTF-8"?>
<testng-results skipped="0" failed="0" total="1" passed="1">
  <reporter-output>
  </reporter-output>
  <suite name="Default suite" duration-ms="55672" started-at="2015-06-28T22:44:01Z" finished-at="2015-06-28T22:44:57Z">
    <groups>
    </groups>
    <test name="Default test" duration-ms="55672" started-at="2015-06-28T22:44:01Z" finished-at="2015-06-28T22:44:57Z">
      <class name="selenium_training.LoginTest">
        <test-method status="PASS" signature="init()[pri:0, instance:selenium_training.LoginTest@159f9744]" name="init" is-config="true" duration-ms="3637" started-at="2015-06-29T01:44:01Z" finished-at="2015-06-29T01:44:05Z">
          <reporter-output>
          </reporter-output>
        </test-method> <!-- init -->
        <test-method status="PASS" signature="testUntitled()[pri:0, instance:selenium_training.LoginTest@159f9744]" name="testUntitled" duration-ms="52023" started-at="2015-06-29T01:44:05Z" finished-at="2015-06-29T01:44:57Z">
          <reporter-output>
          </reporter-output>
        </test-method> <!-- testUntitled -->
        <test-method status="PASS" signature="tearDown()[pri:0, instance:selenium_training.LoginTest@159f9744]" name="tearDown" is-config="true" duration-ms="1254" started-at="2015-06-29T01:44:57Z" finished-at="2015-06-29T01:44:58Z">
          <reporter-output>
          </reporter-output>
        </test-method> <!-- tearDown -->
      </class> <!-- selenium_training.LoginTest -->
    </test> <!-- Default test -->
  </suite> <!-- Default suite -->
</testng-results>
