<?xml version="1.0" encoding="UTF-8"?>
<testng-results skipped="0" failed="0" total="1" passed="1">
  <reporter-output>
  </reporter-output>
  <suite name="Tests" duration-ms="1832" started-at="2015-06-28T23:12:14Z" finished-at="2015-06-28T23:12:15Z">
    <groups>
    </groups>
    <test name="Test1" duration-ms="1832" started-at="2015-06-28T23:12:14Z" finished-at="2015-06-28T23:12:15Z">
      <class name="selenium_training.LoginTest">
        <test-method status="PASS" signature="init()[pri:0, instance:selenium_training.LoginTest@193bf6c8]" name="init" is-config="true" duration-ms="1117" started-at="2015-06-29T02:12:14Z" finished-at="2015-06-29T02:12:15Z">
          <reporter-output>
          </reporter-output>
        </test-method> <!-- init -->
        <test-method status="PASS" signature="testUntitled()[pri:0, instance:selenium_training.LoginTest@193bf6c8]" name="testUntitled" duration-ms="707" started-at="2015-06-29T02:12:15Z" finished-at="2015-06-29T02:12:15Z">
          <reporter-output>
          </reporter-output>
        </test-method> <!-- testUntitled -->
        <test-method status="PASS" signature="tearDown()[pri:0, instance:selenium_training.LoginTest@193bf6c8]" name="tearDown" is-config="true" duration-ms="0" started-at="2015-06-29T02:12:15Z" finished-at="2015-06-29T02:12:15Z">
          <reporter-output>
          </reporter-output>
        </test-method> <!-- tearDown -->
      </class> <!-- selenium_training.LoginTest -->
    </test> <!-- Test1 -->
  </suite> <!-- Tests -->
</testng-results>
